<?xml version="1.0" encoding="UTF-8"?>
<coverage generated="1555861848">
  <project timestamp="1555861848">
    <package name="SubjectivePHP\Slim\Middleware">
      <file name="/home/chadicus/PhpstormProjects/slim-options-middleware/src/OptionsMiddleware.php">
        <class name="SubjectivePHP\Slim\Middleware\OptionsMiddleware" namespace="SubjectivePHP\Slim\Middleware">
          <metrics complexity="4" methods="2" coveredmethods="2" conditionals="0" coveredconditionals="0" statements="12" coveredstatements="12" elements="14" coveredelements="14"/>
        </class>
        <line num="28" type="method" name="__construct" visibility="public" complexity="1" crap="1" count="3"/>
        <line num="30" type="stmt" count="3"/>
        <line num="31" type="stmt" count="3"/>
        <line num="32" type="stmt" count="3"/>
        <line num="45" type="method" name="__invoke" visibility="public" complexity="3" crap="3" count="3"/>
        <line num="47" type="stmt" count="3"/>
        <line num="48" type="stmt" count="1"/>
        <line num="51" type="stmt" count="2"/>
        <line num="52" type="stmt" count="2"/>
        <line num="53" type="stmt" count="1"/>
        <line num="56" type="stmt" count="1"/>
        <line num="57" type="stmt" count="1"/>
        <line num="58" type="stmt" count="1"/>
        <line num="59" type="stmt" count="1"/>
        <metrics loc="61" ncloc="38" classes="1" methods="2" coveredmethods="2" conditionals="0" coveredconditionals="0" statements="12" coveredstatements="12" elements="14" coveredelements="14"/>
      </file>
    </package>
    <metrics files="1" loc="61" ncloc="38" classes="1" methods="2" coveredmethods="2" conditionals="0" coveredconditionals="0" statements="12" coveredstatements="12" elements="14" coveredelements="14"/>
  </project>
</coverage>
